<?xml version="1.0" encoding="UTF-8"?>
<!-- Generated by org.testng.reporters.JUnitXMLReporter -->
<testsuite ignored="87" hostname="DESKTOP-5H7RRRE" failures="0" tests="1" name="Default test" time="10.553" errors="0" timestamp="2022-11-18T13:50:05 IST">
  <testcase classname="Automation.Spotify_Automation.Api" name="getplaylist" time="10.384"/>
  <testcase classname="Automation.Spotify_Automation.Api" name="getchapter" time="0.0">
    <ignored/>
  </testcase> <!-- getchapter -->
  <testcase classname="Automation.Spotify_Automation.Api" name="deleteplaylistitems" time="0.0">
    <ignored/>
  </testcase> <!-- deleteplaylistitems -->
  <testcase classname="Automation.Spotify_Automation.Api" name="postuserplaylists" time="0.0">
    <ignored/>
  </testcase> <!-- postuserplaylists -->
  <testcase classname="Automation.Spotify_Automation.Api" name="getperticularuser" time="0.0">
    <ignored/>
  </testcase> <!-- getperticularuser -->
  <testcase classname="Automation.Spotify_Automation.Api" name="getaudiobook" time="0.0">
    <ignored/>
  </testcase> <!-- getaudiobook -->
  <testcase classname="Automation.Spotify_Automation.Api" name="putsavealbumforcurrentusers" time="0.0">
    <ignored/>
  </testcase> <!-- putsavealbumforcurrentusers -->
  <testcase classname="Automation.Spotify_Automation.Api" name="putepisodsforcurrentuser" time="0.0">
    <ignored/>
  </testcase> <!-- putepisodsforcurrentuser -->
  <testcase classname="Automation.Spotify_Automation.Api" name="getifuserfollowartistorusers" time="0.0">
    <ignored/>
  </testcase> <!-- getifuserfollowartistorusers -->
  <testcase classname="Automation.Spotify_Automation.Api" name="getplaybackstate" time="0.0">
    <ignored/>
  </testcase> <!-- getplaybackstate -->
  <testcase classname="Automation.Spotify_Automation.Api" name="deleteuserssavedalbums" time="0.0">
    <ignored/>
  </testcase> <!-- deleteuserssavedalbums -->
  <testcase classname="Automation.Spotify_Automation.Api" name="getuserssavedshows" time="0.0">
    <ignored/>
  </testcase> <!-- getuserssavedshows -->
  <testcase classname="Automation.Spotify_Automation.Api" name="getnewrelease" time="0.0">
    <ignored/>
  </testcase> <!-- getnewrelease -->
  <testcase classname="Automation.Spotify_Automation.Api" name="postadditemtoplaybackqueue" time="0.0">
    <ignored/>
  </testcase> <!-- postadditemtoplaybackqueue -->
  <testcase classname="Automation.Spotify_Automation.Api" name="get" time="0.0">
    <ignored/>
  </testcase> <!-- get -->
  <testcase classname="Automation.Spotify_Automation.Api" name="getartistrelatedartists" time="0.0">
    <ignored/>
  </testcase> <!-- getartistrelatedartists -->
  <testcase classname="Automation.Spotify_Automation.Api" name="putaudiobookforcurrentusers" time="0.0">
    <ignored/>
  </testcase> <!-- putaudiobookforcurrentusers -->
  <testcase classname="Automation.Spotify_Automation.Api" name="putstartresumeplayback" time="0.0">
    <ignored/>
  </testcase> <!-- putstartresumeplayback -->
  <testcase classname="Automation.Spotify_Automation.Api" name="putseektoposition" time="0.0">
    <ignored/>
  </testcase> <!-- putseektoposition -->
  <testcase classname="Automation.Spotify_Automation.Api" name="getuserssavedaudiobooks" time="0.0">
    <ignored/>
  </testcase> <!-- getuserssavedaudiobooks -->
  <testcase classname="Automation.Spotify_Automation.Api" name="getuserssavedalbums" time="0.0">
    <ignored/>
  </testcase> <!-- getuserssavedalbums -->
  <testcase classname="Automation.Spotify_Automation.Api" name="getshow" time="0.0">
    <ignored/>
  </testcase> <!-- getshow -->
  <testcase classname="Automation.Spotify_Automation.Api" name="getseveraltracks" time="0.0">
    <ignored/>
  </testcase> <!-- getseveraltracks -->
  <testcase classname="Automation.Spotify_Automation.Api" name="getseveralbrowsecatagury" time="0.0">
    <ignored/>
  </testcase> <!-- getseveralbrowsecatagury -->
  <testcase classname="Automation.Spotify_Automation.Api" name="postskiptonext" time="0.0">
    <ignored/>
  </testcase> <!-- postskiptonext -->
  <testcase classname="Automation.Spotify_Automation.Api" name="gettrackaudiofeaturesid" time="0.0">
    <ignored/>
  </testcase> <!-- gettrackaudiofeaturesid -->
  <testcase classname="Automation.Spotify_Automation.Api" name="getrecentlyplayedtracks" time="0.0">
    <ignored/>
  </testcase> <!-- getrecentlyplayedtracks -->
  <testcase classname="Automation.Spotify_Automation.Api" name="getseveralartist" time="0.0">
    <ignored/>
  </testcase> <!-- getseveralartist -->
  <testcase classname="Automation.Spotify_Automation.Api" name="getseveralshows" time="0.0">
    <ignored/>
  </testcase> <!-- getseveralshows -->
  <testcase classname="Automation.Spotify_Automation.Api" name="getplaylistcoverimage" time="0.0">
    <ignored/>
  </testcase> <!-- getplaylistcoverimage -->
  <testcase classname="Automation.Spotify_Automation.Api" name="puttoggelplaybackshuffle" time="0.0">
    <ignored/>
  </testcase> <!-- puttoggelplaybackshuffle -->
  <testcase classname="Automation.Spotify_Automation.Api" name="deleteuserssavedtracks" time="0.0">
    <ignored/>
  </testcase> <!-- deleteuserssavedtracks -->
  <testcase classname="Automation.Spotify_Automation.Api" name="putcustomplaylistcoverimage" time="0.0">
    <ignored/>
  </testcase> <!-- putcustomplaylistcoverimage -->
  <testcase classname="Automation.Spotify_Automation.Api" name="getcategoryplaylist" time="0.0">
    <ignored/>
  </testcase> <!-- getcategoryplaylist -->
  <testcase classname="Automation.Spotify_Automation.Api" name="getplaylistitems" time="0.0">
    <ignored/>
  </testcase> <!-- getplaylistitems -->
  <testcase classname="Automation.Spotify_Automation.Api" name="getavailablemarket" time="0.0">
    <ignored/>
  </testcase> <!-- getavailablemarket -->
  <testcase classname="Automation.Spotify_Automation.Api" name="putfollowplaylist" time="0.0">
    <ignored/>
  </testcase> <!-- putfollowplaylist -->
  <testcase classname="Automation.Spotify_Automation.Api" name="deleteuserssaveaudiobooks" time="0.0">
    <ignored/>
  </testcase> <!-- deleteuserssaveaudiobooks -->
  <testcase classname="Automation.Spotify_Automation.Api" name="deleteunfollowplaylist" time="0.0">
    <ignored/>
  </testcase> <!-- deleteunfollowplaylist -->
  <testcase classname="Automation.Spotify_Automation.Api" name="getartisttoptrack" time="0.0">
    <ignored/>
  </testcase> <!-- getartisttoptrack -->
  <testcase classname="Automation.Spotify_Automation.Api" name="getcurrentuserplaylists" time="0.0">
    <ignored/>
  </testcase> <!-- getcurrentuserplaylists -->
  <testcase classname="Automation.Spotify_Automation.Api" name="putsetrepeatmode" time="0.0">
    <ignored/>
  </testcase> <!-- putsetrepeatmode -->
  <testcase classname="Automation.Spotify_Automation.Api" name="getuserssavedshow" time="0.0">
    <ignored/>
  </testcase> <!-- getuserssavedshow -->
  <testcase classname="Automation.Spotify_Automation.Api" name="deleteuserssavedshows" time="0.0">
    <ignored/>
  </testcase> <!-- deleteuserssavedshows -->
  <testcase classname="Automation.Spotify_Automation.Api" name="putfollowartistoruser" time="0.0">
    <ignored/>
  </testcase> <!-- putfollowartistoruser -->
  <testcase classname="Automation.Spotify_Automation.Api" name="getuserssavedtrack" time="0.0">
    <ignored/>
  </testcase> <!-- getuserssavedtrack -->
  <testcase classname="Automation.Spotify_Automation.Api" name="getseveralbrowsecataguries" time="0.0">
    <ignored/>
  </testcase> <!-- getseveralbrowsecataguries -->
  <testcase classname="Automation.Spotify_Automation.Api" name="putpauseplayback" time="0.0">
    <ignored/>
  </testcase> <!-- putpauseplayback -->
  <testcase classname="Automation.Spotify_Automation.Api" name="getrecommendation" time="0.0">
    <ignored/>
  </testcase> <!-- getrecommendation -->
  <testcase classname="Automation.Spotify_Automation.Api" name="putchnageplaylistdetails" time="0.0">
    <ignored/>
  </testcase> <!-- putchnageplaylistdetails -->
  <testcase classname="Automation.Spotify_Automation.Api" name="getuserssavedepisods" time="0.0">
    <ignored/>
  </testcase> <!-- getuserssavedepisods -->
  <testcase classname="Automation.Spotify_Automation.Api" name="gettrackaudiofeaturesids" time="0.0">
    <ignored/>
  </testcase> <!-- gettrackaudiofeaturesids -->
  <testcase classname="Automation.Spotify_Automation.Api" name="postskiptoprevious" time="0.0">
    <ignored/>
  </testcase> <!-- postskiptoprevious -->
  <testcase classname="Automation.Spotify_Automation.Api" name="getuserplaylists" time="0.0">
    <ignored/>
  </testcase> <!-- getuserplaylists -->
  <testcase classname="Automation.Spotify_Automation.Api" name="putsaveshowsforcurrentuser" time="0.0">
    <ignored/>
  </testcase> <!-- putsaveshowsforcurrentuser -->
  <testcase classname="Automation.Spotify_Automation.Api" name="deleteartistoruser" time="0.0">
    <ignored/>
  </testcase> <!-- deleteartistoruser -->
  <testcase classname="Automation.Spotify_Automation.Api" name="getseveralaudiobook" time="0.0">
    <ignored/>
  </testcase> <!-- getseveralaudiobook -->
  <testcase classname="Automation.Spotify_Automation.Api" name="gettrackaudioanalysis" time="0.0">
    <ignored/>
  </testcase> <!-- gettrackaudioanalysis -->
  <testcase classname="Automation.Spotify_Automation.Api" name="gettrack" time="0.0">
    <ignored/>
  </testcase> <!-- gettrack -->
  <testcase classname="Automation.Spotify_Automation.Api" name="getshowepisode" time="0.0">
    <ignored/>
  </testcase> <!-- getshowepisode -->
  <testcase classname="Automation.Spotify_Automation.Api" name="getuserssavedalbum" time="0.0">
    <ignored/>
  </testcase> <!-- getuserssavedalbum -->
  <testcase classname="Automation.Spotify_Automation.Api" name="getsearchforitem" time="0.0">
    <ignored/>
  </testcase> <!-- getsearchforitem -->
  <testcase classname="Automation.Spotify_Automation.Api" name="getseveralepisode" time="0.0">
    <ignored/>
  </testcase> <!-- getseveralepisode -->
  <testcase classname="Automation.Spotify_Automation.Api" name="getifuserfollowedartist" time="0.0">
    <ignored/>
  </testcase> <!-- getifuserfollowedartist -->
  <testcase classname="Automation.Spotify_Automation.Api" name="getuserssavedepisode" time="0.0">
    <ignored/>
  </testcase> <!-- getuserssavedepisode -->
  <testcase classname="Automation.Spotify_Automation.Api" name="getseveralchapter" time="0.0">
    <ignored/>
  </testcase> <!-- getseveralchapter -->
  <testcase classname="Automation.Spotify_Automation.Api" name="postcreateplaylist" time="0.0">
    <ignored/>
  </testcase> <!-- postcreateplaylist -->
  <testcase classname="Automation.Spotify_Automation.Api" name="getfeaturedplaylist" time="0.0">
    <ignored/>
  </testcase> <!-- getfeaturedplaylist -->
  <testcase classname="Automation.Spotify_Automation.Api" name="getavailabledevice" time="0.0">
    <ignored/>
  </testcase> <!-- getavailabledevice -->
  <testcase classname="Automation.Spotify_Automation.Api" name="getartistalbum" time="0.0">
    <ignored/>
  </testcase> <!-- getartistalbum -->
  <testcase classname="Automation.Spotify_Automation.Api" name="getalbum" time="0.0">
    <ignored/>
  </testcase> <!-- getalbum -->
  <testcase classname="Automation.Spotify_Automation.Api" name="putupdateplaylistitem" time="0.0">
    <ignored/>
  </testcase> <!-- putupdateplaylistitem -->
  <testcase classname="Automation.Spotify_Automation.Api" name="getfollowedartist" time="0.0">
    <ignored/>
  </testcase> <!-- getfollowedartist -->
  <testcase classname="Automation.Spotify_Automation.Api" name="getuserssavedaudiobook" time="0.0">
    <ignored/>
  </testcase> <!-- getuserssavedaudiobook -->
  <testcase classname="Automation.Spotify_Automation.Api" name="getalbumtrack" time="0.0">
    <ignored/>
  </testcase> <!-- getalbumtrack -->
  <testcase classname="Automation.Spotify_Automation.Api" name="getavailablegenreseeds" time="0.0">
    <ignored/>
  </testcase> <!-- getavailablegenreseeds -->
  <testcase classname="Automation.Spotify_Automation.Api" name="getartist" time="0.0">
    <ignored/>
  </testcase> <!-- getartist -->
  <testcase classname="Automation.Spotify_Automation.Api" name="getuserstopitems" time="0.0">
    <ignored/>
  </testcase> <!-- getuserstopitems -->
  <testcase classname="Automation.Spotify_Automation.Api" name="getseveralalbum" time="0.0">
    <ignored/>
  </testcase> <!-- getseveralalbum -->
  <testcase classname="Automation.Spotify_Automation.Api" name="deleteuserssavedepisodes" time="0.0">
    <ignored/>
  </testcase> <!-- deleteuserssavedepisodes -->
  <testcase classname="Automation.Spotify_Automation.Api" name="getepisode" time="0.0">
    <ignored/>
  </testcase> <!-- getepisode -->
  <testcase classname="Automation.Spotify_Automation.Api" name="puttransferplayback" time="0.0">
    <ignored/>
  </testcase> <!-- puttransferplayback -->
  <testcase classname="Automation.Spotify_Automation.Api" name="getuserssavedtracks" time="0.0">
    <ignored/>
  </testcase> <!-- getuserssavedtracks -->
  <testcase classname="Automation.Spotify_Automation.Api" name="putsetplaybackvolume" time="0.0">
    <ignored/>
  </testcase> <!-- putsetplaybackvolume -->
  <testcase classname="Automation.Spotify_Automation.Api" name="getaudiobookchapters" time="0.0">
    <ignored/>
  </testcase> <!-- getaudiobookchapters -->
  <testcase classname="Automation.Spotify_Automation.Api" name="putsavetrackforcurrentuser" time="0.0">
    <ignored/>
  </testcase> <!-- putsavetrackforcurrentuser -->
  <testcase classname="Automation.Spotify_Automation.Api" name="getcurrentplayingtrack" time="0.0">
    <ignored/>
  </testcase> <!-- getcurrentplayingtrack -->
  <testcase classname="Automation.Spotify_Automation.Api" name="getusersqueue" time="0.0">
    <ignored/>
  </testcase> <!-- getusersqueue -->
</testsuite> <!-- Default test -->
