<?xml version="1.0" encoding="UTF-8"?>
<testng-results ignored="87" total="88" passed="1" failed="0" skipped="0">
  <reporter-output>
  </reporter-output>
  <suite started-at="2022-11-18T13:49:54 IST" name="Default suite" finished-at="2022-11-18T13:50:05 IST" duration-ms="10553">
    <groups>
    </groups>
    <test started-at="2022-11-18T13:49:54 IST" name="Default test" finished-at="2022-11-18T13:50:05 IST" duration-ms="10553">
      <class name="Automation.Spotify_Automation.Api">
        <test-method signature="getplaylist()[pri:0, instance:Automation.Spotify_Automation.Api@67a20f67]" started-at="2022-11-18T13:49:55 IST" name="getplaylist" finished-at="2022-11-18T13:50:05 IST" duration-ms="10384" status="PASS">
          <reporter-output>
          </reporter-output>
        </test-method> <!-- getplaylist -->
      </class> <!-- Automation.Spotify_Automation.Api -->
    </test> <!-- Default test -->
  </suite> <!-- Default suite -->
</testng-results>
